<?xml version="1.0" encoding="UTF-8"?>
<TestRun id="ca81ced0-adbb-4bcf-9a63-69eb09ce9883" name="KEN@DEV-PC 2012-10-14 21:32:07" runUser="DEV-PC\KEN" xmlns="http://microsoft.com/schemas/VisualStudio/TeamTest/2010">
  <TestSettings name="Default Test Settings" id="caeed6e1-40c1-4602-a9ed-d1a935033084">
    <Deployment runDeploymentRoot="KEN_DEV-PC 2012-10-14 21_32_07">
      <DeploymentItem filename="C:\Users\KEN\documents\visual studio 2010\Projects\BudgetGuru\BudgetGuru\bin\BudgetGuru.dll" />
    </Deployment>
    <Execution>
      <TestTypeSpecific />
      <AgentRule name="Execution Agents">
      </AgentRule>
    </Execution>
  </TestSettings>
  <Times creation="2012-10-14T21:32:07.6527730-04:00" queuing="2012-10-14T21:32:13.3801006-04:00" start="2012-10-14T21:32:13.7651226-04:00" finish="2012-10-14T21:32:36.2254072-04:00" />
  <ResultSummary outcome="Failed">
    <Counters total="17" executed="17" passed="16" error="0" failed="1" timeout="0" aborted="0" inconclusive="0" passedButRunAborted="0" notRunnable="0" notExecuted="0" disconnected="0" warning="0" completed="0" inProgress="0" pending="0" />
  </ResultSummary>
  <TestDefinitions>
    <UnitTest name="ChangePasswordSuccess_ReturnsView" storage="c:\users\ken\documents\visual studio 2010\projects\budgetguru\budgetguru.tests\bin\debug\budgetguru.tests.dll" id="a8308bdb-c56b-a09b-1d9a-bc0012b3a5a1">
      <Execution id="4c5ebd23-a360-42df-9d0e-9287ab159f60" />
      <TestMethod codeBase="C:/Users/KEN/Documents/Visual Studio 2010/Projects/BudgetGuru/BudgetGuru.Tests/bin/Debug/BudgetGuru.Tests.DLL" adapterTypeName="Microsoft.VisualStudio.TestTools.TestTypes.Unit.UnitTestAdapter, Microsoft.VisualStudio.QualityTools.Tips.UnitTest.Adapter, Version=10.0.0.0, Culture=neutral, PublicKeyToken=b03f5f7f11d50a3a" className="BudgetGuru.Tests.Controllers.AccountControllerTest, BudgetGuru.Tests, Version=1.0.0.0, Culture=neutral, PublicKeyToken=null" name="ChangePasswordSuccess_ReturnsView" />
    </UnitTest>
    <UnitTest name="Register_Post_ReturnsViewIfModelStateIsInvalid" storage="c:\users\ken\documents\visual studio 2010\projects\budgetguru\budgetguru.tests\bin\debug\budgetguru.tests.dll" id="ee45b985-9900-450f-ce23-d4a45bc69916">
      <Execution id="c442e6ac-1f7d-47fd-b1fa-62fb663706de" />
      <TestMethod codeBase="C:/Users/KEN/Documents/Visual Studio 2010/Projects/BudgetGuru/BudgetGuru.Tests/bin/Debug/BudgetGuru.Tests.DLL" adapterTypeName="Microsoft.VisualStudio.TestTools.TestTypes.Unit.UnitTestAdapter, Microsoft.VisualStudio.QualityTools.Tips.UnitTest.Adapter, Version=10.0.0.0, Culture=neutral, PublicKeyToken=b03f5f7f11d50a3a" className="BudgetGuru.Tests.Controllers.AccountControllerTest, BudgetGuru.Tests, Version=1.0.0.0, Culture=neutral, PublicKeyToken=null" name="Register_Post_ReturnsViewIfModelStateIsInvalid" />
    </UnitTest>
    <UnitTest name="ChangePassword_Post_ReturnsViewIfChangePasswordFails" storage="c:\users\ken\documents\visual studio 2010\projects\budgetguru\budgetguru.tests\bin\debug\budgetguru.tests.dll" id="b72a4745-4da9-c5ae-cbf4-ac1a8eac3374">
      <Execution id="611136f2-ecce-49fb-b552-50a450fec47e" />
      <TestMethod codeBase="C:/Users/KEN/Documents/Visual Studio 2010/Projects/BudgetGuru/BudgetGuru.Tests/bin/Debug/BudgetGuru.Tests.DLL" adapterTypeName="Microsoft.VisualStudio.TestTools.TestTypes.Unit.UnitTestAdapter, Microsoft.VisualStudio.QualityTools.Tips.UnitTest.Adapter, Version=10.0.0.0, Culture=neutral, PublicKeyToken=b03f5f7f11d50a3a" className="BudgetGuru.Tests.Controllers.AccountControllerTest, BudgetGuru.Tests, Version=1.0.0.0, Culture=neutral, PublicKeyToken=null" name="ChangePassword_Post_ReturnsViewIfChangePasswordFails" />
    </UnitTest>
    <UnitTest name="About" storage="c:\users\ken\documents\visual studio 2010\projects\budgetguru\budgetguru.tests\bin\debug\budgetguru.tests.dll" id="c8448767-8493-8595-b26b-aba3da83fb0e">
      <Execution id="35ee27a8-9de3-4cc0-885b-0143d18fcc47" />
      <TestMethod codeBase="C:/Users/KEN/Documents/Visual Studio 2010/Projects/BudgetGuru/BudgetGuru.Tests/bin/Debug/BudgetGuru.Tests.DLL" adapterTypeName="Microsoft.VisualStudio.TestTools.TestTypes.Unit.UnitTestAdapter, Microsoft.VisualStudio.QualityTools.Tips.UnitTest.Adapter, Version=10.0.0.0, Culture=neutral, PublicKeyToken=b03f5f7f11d50a3a" className="BudgetGuru.Tests.Controllers.HomeControllerTest, BudgetGuru.Tests, Version=1.0.0.0, Culture=neutral, PublicKeyToken=null" name="About" />
    </UnitTest>
    <UnitTest name="ChangePassword_Get_ReturnsView" storage="c:\users\ken\documents\visual studio 2010\projects\budgetguru\budgetguru.tests\bin\debug\budgetguru.tests.dll" id="62f68c4e-31bf-3178-7731-fe82dbce4532">
      <Execution id="4a4c6ac1-328a-4ffe-ba39-9d0010e73c96" />
      <TestMethod codeBase="C:/Users/KEN/Documents/Visual Studio 2010/Projects/BudgetGuru/BudgetGuru.Tests/bin/Debug/BudgetGuru.Tests.DLL" adapterTypeName="Microsoft.VisualStudio.TestTools.TestTypes.Unit.UnitTestAdapter, Microsoft.VisualStudio.QualityTools.Tips.UnitTest.Adapter, Version=10.0.0.0, Culture=neutral, PublicKeyToken=b03f5f7f11d50a3a" className="BudgetGuru.Tests.Controllers.AccountControllerTest, BudgetGuru.Tests, Version=1.0.0.0, Culture=neutral, PublicKeyToken=null" name="ChangePassword_Get_ReturnsView" />
    </UnitTest>
    <UnitTest name="ChangePassword_Post_ReturnsViewIfModelStateIsInvalid" storage="c:\users\ken\documents\visual studio 2010\projects\budgetguru\budgetguru.tests\bin\debug\budgetguru.tests.dll" id="08f00f64-a56b-7272-5247-068cd4f45604">
      <Execution id="9324b5d8-db04-436e-b665-22ac3a652a3c" />
      <TestMethod codeBase="C:/Users/KEN/Documents/Visual Studio 2010/Projects/BudgetGuru/BudgetGuru.Tests/bin/Debug/BudgetGuru.Tests.DLL" adapterTypeName="Microsoft.VisualStudio.TestTools.TestTypes.Unit.UnitTestAdapter, Microsoft.VisualStudio.QualityTools.Tips.UnitTest.Adapter, Version=10.0.0.0, Culture=neutral, PublicKeyToken=b03f5f7f11d50a3a" className="BudgetGuru.Tests.Controllers.AccountControllerTest, BudgetGuru.Tests, Version=1.0.0.0, Culture=neutral, PublicKeyToken=null" name="ChangePassword_Post_ReturnsViewIfModelStateIsInvalid" />
    </UnitTest>
    <UnitTest name="LogOn_Post_ReturnsViewIfValidateUserFails" storage="c:\users\ken\documents\visual studio 2010\projects\budgetguru\budgetguru.tests\bin\debug\budgetguru.tests.dll" id="96ebb199-8c20-e62c-4dcc-139d3336016f">
      <Execution id="dd357cca-d33d-44d2-a849-e5257e5e7867" />
      <TestMethod codeBase="C:/Users/KEN/Documents/Visual Studio 2010/Projects/BudgetGuru/BudgetGuru.Tests/bin/Debug/BudgetGuru.Tests.DLL" adapterTypeName="Microsoft.VisualStudio.TestTools.TestTypes.Unit.UnitTestAdapter, Microsoft.VisualStudio.QualityTools.Tips.UnitTest.Adapter, Version=10.0.0.0, Culture=neutral, PublicKeyToken=b03f5f7f11d50a3a" className="BudgetGuru.Tests.Controllers.AccountControllerTest, BudgetGuru.Tests, Version=1.0.0.0, Culture=neutral, PublicKeyToken=null" name="LogOn_Post_ReturnsViewIfValidateUserFails" />
    </UnitTest>
    <UnitTest name="Register_Get_ReturnsView" storage="c:\users\ken\documents\visual studio 2010\projects\budgetguru\budgetguru.tests\bin\debug\budgetguru.tests.dll" id="e46f1f2e-672b-6ab2-543c-0ddf69605210">
      <Execution id="8d8ce967-2a7f-4203-b6a4-a82ccfdcb48c" />
      <TestMethod codeBase="C:/Users/KEN/Documents/Visual Studio 2010/Projects/BudgetGuru/BudgetGuru.Tests/bin/Debug/BudgetGuru.Tests.DLL" adapterTypeName="Microsoft.VisualStudio.TestTools.TestTypes.Unit.UnitTestAdapter, Microsoft.VisualStudio.QualityTools.Tips.UnitTest.Adapter, Version=10.0.0.0, Culture=neutral, PublicKeyToken=b03f5f7f11d50a3a" className="BudgetGuru.Tests.Controllers.AccountControllerTest, BudgetGuru.Tests, Version=1.0.0.0, Culture=neutral, PublicKeyToken=null" name="Register_Get_ReturnsView" />
    </UnitTest>
    <UnitTest name="ChangePassword_Post_ReturnsRedirectOnSuccess" storage="c:\users\ken\documents\visual studio 2010\projects\budgetguru\budgetguru.tests\bin\debug\budgetguru.tests.dll" id="bd3e655f-c774-6940-db00-977e40e685fe">
      <Execution id="476b4454-36a1-4ee4-9a0e-57a92a808556" />
      <TestMethod codeBase="C:/Users/KEN/Documents/Visual Studio 2010/Projects/BudgetGuru/BudgetGuru.Tests/bin/Debug/BudgetGuru.Tests.DLL" adapterTypeName="Microsoft.VisualStudio.TestTools.TestTypes.Unit.UnitTestAdapter, Microsoft.VisualStudio.QualityTools.Tips.UnitTest.Adapter, Version=10.0.0.0, Culture=neutral, PublicKeyToken=b03f5f7f11d50a3a" className="BudgetGuru.Tests.Controllers.AccountControllerTest, BudgetGuru.Tests, Version=1.0.0.0, Culture=neutral, PublicKeyToken=null" name="ChangePassword_Post_ReturnsRedirectOnSuccess" />
    </UnitTest>
    <UnitTest name="Register_Post_ReturnsViewIfRegistrationFails" storage="c:\users\ken\documents\visual studio 2010\projects\budgetguru\budgetguru.tests\bin\debug\budgetguru.tests.dll" id="b6696717-1ee6-5d73-51be-168929f294ed">
      <Execution id="dbb3a8eb-3a14-4bd1-b51f-63897c44286b" />
      <TestMethod codeBase="C:/Users/KEN/Documents/Visual Studio 2010/Projects/BudgetGuru/BudgetGuru.Tests/bin/Debug/BudgetGuru.Tests.DLL" adapterTypeName="Microsoft.VisualStudio.TestTools.TestTypes.Unit.UnitTestAdapter, Microsoft.VisualStudio.QualityTools.Tips.UnitTest.Adapter, Version=10.0.0.0, Culture=neutral, PublicKeyToken=b03f5f7f11d50a3a" className="BudgetGuru.Tests.Controllers.AccountControllerTest, BudgetGuru.Tests, Version=1.0.0.0, Culture=neutral, PublicKeyToken=null" name="Register_Post_ReturnsViewIfRegistrationFails" />
    </UnitTest>
    <UnitTest name="LogOn_Post_ReturnsRedirectOnSuccess_WithReturnUrl" storage="c:\users\ken\documents\visual studio 2010\projects\budgetguru\budgetguru.tests\bin\debug\budgetguru.tests.dll" id="0bb67ca6-59cd-0401-2319-7267d73b409a">
      <Execution id="cab563f3-9b3a-410a-81dd-a3438c2cfb9d" />
      <TestMethod codeBase="C:/Users/KEN/Documents/Visual Studio 2010/Projects/BudgetGuru/BudgetGuru.Tests/bin/Debug/BudgetGuru.Tests.DLL" adapterTypeName="Microsoft.VisualStudio.TestTools.TestTypes.Unit.UnitTestAdapter, Microsoft.VisualStudio.QualityTools.Tips.UnitTest.Adapter, Version=10.0.0.0, Culture=neutral, PublicKeyToken=b03f5f7f11d50a3a" className="BudgetGuru.Tests.Controllers.AccountControllerTest, BudgetGuru.Tests, Version=1.0.0.0, Culture=neutral, PublicKeyToken=null" name="LogOn_Post_ReturnsRedirectOnSuccess_WithReturnUrl" />
    </UnitTest>
    <UnitTest name="LogOff_LogsOutAndRedirects" storage="c:\users\ken\documents\visual studio 2010\projects\budgetguru\budgetguru.tests\bin\debug\budgetguru.tests.dll" id="b5255c29-c417-3fa2-0f0c-a516d81e0c47">
      <Execution id="2deed044-c727-44a5-8eab-876b0d6b8c70" />
      <TestMethod codeBase="C:/Users/KEN/Documents/Visual Studio 2010/Projects/BudgetGuru/BudgetGuru.Tests/bin/Debug/BudgetGuru.Tests.DLL" adapterTypeName="Microsoft.VisualStudio.TestTools.TestTypes.Unit.UnitTestAdapter, Microsoft.VisualStudio.QualityTools.Tips.UnitTest.Adapter, Version=10.0.0.0, Culture=neutral, PublicKeyToken=b03f5f7f11d50a3a" className="BudgetGuru.Tests.Controllers.AccountControllerTest, BudgetGuru.Tests, Version=1.0.0.0, Culture=neutral, PublicKeyToken=null" name="LogOff_LogsOutAndRedirects" />
    </UnitTest>
    <UnitTest name="LogOn_Post_ReturnsRedirectOnSuccess_WithoutReturnUrl" storage="c:\users\ken\documents\visual studio 2010\projects\budgetguru\budgetguru.tests\bin\debug\budgetguru.tests.dll" id="c9df3f6f-a76a-5f9a-1bc5-f3af56037813">
      <Execution id="9b44514d-6e8f-4561-92e4-969d7e03b7f0" />
      <TestMethod codeBase="C:/Users/KEN/Documents/Visual Studio 2010/Projects/BudgetGuru/BudgetGuru.Tests/bin/Debug/BudgetGuru.Tests.DLL" adapterTypeName="Microsoft.VisualStudio.TestTools.TestTypes.Unit.UnitTestAdapter, Microsoft.VisualStudio.QualityTools.Tips.UnitTest.Adapter, Version=10.0.0.0, Culture=neutral, PublicKeyToken=b03f5f7f11d50a3a" className="BudgetGuru.Tests.Controllers.AccountControllerTest, BudgetGuru.Tests, Version=1.0.0.0, Culture=neutral, PublicKeyToken=null" name="LogOn_Post_ReturnsRedirectOnSuccess_WithoutReturnUrl" />
    </UnitTest>
    <UnitTest name="Index" storage="c:\users\ken\documents\visual studio 2010\projects\budgetguru\budgetguru.tests\bin\debug\budgetguru.tests.dll" id="02fa4573-d7f5-d63a-2b85-86207dc036e7">
      <Execution id="0cb6399c-f1ca-43b6-bccf-0f869cba9c07" />
      <TestMethod codeBase="C:/Users/KEN/Documents/Visual Studio 2010/Projects/BudgetGuru/BudgetGuru.Tests/bin/Debug/BudgetGuru.Tests.DLL" adapterTypeName="Microsoft.VisualStudio.TestTools.TestTypes.Unit.UnitTestAdapter, Microsoft.VisualStudio.QualityTools.Tips.UnitTest.Adapter, Version=10.0.0.0, Culture=neutral, PublicKeyToken=b03f5f7f11d50a3a" className="BudgetGuru.Tests.Controllers.HomeControllerTest, BudgetGuru.Tests, Version=1.0.0.0, Culture=neutral, PublicKeyToken=null" name="Index" />
    </UnitTest>
    <UnitTest name="LogOn_Post_ReturnsViewIfModelStateIsInvalid" storage="c:\users\ken\documents\visual studio 2010\projects\budgetguru\budgetguru.tests\bin\debug\budgetguru.tests.dll" id="7d7fb430-4c10-8760-2432-07df6f196a31">
      <Execution id="75943f73-ed19-4c58-9821-3cac31524a07" />
      <TestMethod codeBase="C:/Users/KEN/Documents/Visual Studio 2010/Projects/BudgetGuru/BudgetGuru.Tests/bin/Debug/BudgetGuru.Tests.DLL" adapterTypeName="Microsoft.VisualStudio.TestTools.TestTypes.Unit.UnitTestAdapter, Microsoft.VisualStudio.QualityTools.Tips.UnitTest.Adapter, Version=10.0.0.0, Culture=neutral, PublicKeyToken=b03f5f7f11d50a3a" className="BudgetGuru.Tests.Controllers.AccountControllerTest, BudgetGuru.Tests, Version=1.0.0.0, Culture=neutral, PublicKeyToken=null" name="LogOn_Post_ReturnsViewIfModelStateIsInvalid" />
    </UnitTest>
    <UnitTest name="Register_Post_ReturnsRedirectOnSuccess" storage="c:\users\ken\documents\visual studio 2010\projects\budgetguru\budgetguru.tests\bin\debug\budgetguru.tests.dll" id="521380d2-3352-4d12-919d-a24e5ef39d39">
      <Execution id="df614056-7b17-4110-8652-a3fd8cabb420" />
      <TestMethod codeBase="C:/Users/KEN/Documents/Visual Studio 2010/Projects/BudgetGuru/BudgetGuru.Tests/bin/Debug/BudgetGuru.Tests.DLL" adapterTypeName="Microsoft.VisualStudio.TestTools.TestTypes.Unit.UnitTestAdapter, Microsoft.VisualStudio.QualityTools.Tips.UnitTest.Adapter, Version=10.0.0.0, Culture=neutral, PublicKeyToken=b03f5f7f11d50a3a" className="BudgetGuru.Tests.Controllers.AccountControllerTest, BudgetGuru.Tests, Version=1.0.0.0, Culture=neutral, PublicKeyToken=null" name="Register_Post_ReturnsRedirectOnSuccess" />
    </UnitTest>
    <UnitTest name="LogOn_Get_ReturnsView" storage="c:\users\ken\documents\visual studio 2010\projects\budgetguru\budgetguru.tests\bin\debug\budgetguru.tests.dll" id="fe63a71e-0c3b-06ab-f8f0-f2dae8de3f32">
      <Execution id="e1da46d6-59f4-46a9-a74b-47e92820deb1" />
      <TestMethod codeBase="C:/Users/KEN/Documents/Visual Studio 2010/Projects/BudgetGuru/BudgetGuru.Tests/bin/Debug/BudgetGuru.Tests.DLL" adapterTypeName="Microsoft.VisualStudio.TestTools.TestTypes.Unit.UnitTestAdapter, Microsoft.VisualStudio.QualityTools.Tips.UnitTest.Adapter, Version=10.0.0.0, Culture=neutral, PublicKeyToken=b03f5f7f11d50a3a" className="BudgetGuru.Tests.Controllers.AccountControllerTest, BudgetGuru.Tests, Version=1.0.0.0, Culture=neutral, PublicKeyToken=null" name="LogOn_Get_ReturnsView" />
    </UnitTest>
  </TestDefinitions>
  <TestLists>
    <TestList name="Results Not in a List" id="8c84fa94-04c1-424b-9868-57a2d4851a1d" />
    <TestList name="All Loaded Results" id="19431567-8539-422a-85d7-44ee4e166bda" />
  </TestLists>
  <TestEntries>
    <TestEntry testId="62f68c4e-31bf-3178-7731-fe82dbce4532" executionId="4a4c6ac1-328a-4ffe-ba39-9d0010e73c96" testListId="8c84fa94-04c1-424b-9868-57a2d4851a1d" />
    <TestEntry testId="bd3e655f-c774-6940-db00-977e40e685fe" executionId="476b4454-36a1-4ee4-9a0e-57a92a808556" testListId="8c84fa94-04c1-424b-9868-57a2d4851a1d" />
    <TestEntry testId="b72a4745-4da9-c5ae-cbf4-ac1a8eac3374" executionId="611136f2-ecce-49fb-b552-50a450fec47e" testListId="8c84fa94-04c1-424b-9868-57a2d4851a1d" />
    <TestEntry testId="08f00f64-a56b-7272-5247-068cd4f45604" executionId="9324b5d8-db04-436e-b665-22ac3a652a3c" testListId="8c84fa94-04c1-424b-9868-57a2d4851a1d" />
    <TestEntry testId="a8308bdb-c56b-a09b-1d9a-bc0012b3a5a1" executionId="4c5ebd23-a360-42df-9d0e-9287ab159f60" testListId="8c84fa94-04c1-424b-9868-57a2d4851a1d" />
    <TestEntry testId="b5255c29-c417-3fa2-0f0c-a516d81e0c47" executionId="2deed044-c727-44a5-8eab-876b0d6b8c70" testListId="8c84fa94-04c1-424b-9868-57a2d4851a1d" />
    <TestEntry testId="fe63a71e-0c3b-06ab-f8f0-f2dae8de3f32" executionId="e1da46d6-59f4-46a9-a74b-47e92820deb1" testListId="8c84fa94-04c1-424b-9868-57a2d4851a1d" />
    <TestEntry testId="c9df3f6f-a76a-5f9a-1bc5-f3af56037813" executionId="9b44514d-6e8f-4561-92e4-969d7e03b7f0" testListId="8c84fa94-04c1-424b-9868-57a2d4851a1d" />
    <TestEntry testId="0bb67ca6-59cd-0401-2319-7267d73b409a" executionId="cab563f3-9b3a-410a-81dd-a3438c2cfb9d" testListId="8c84fa94-04c1-424b-9868-57a2d4851a1d" />
    <TestEntry testId="7d7fb430-4c10-8760-2432-07df6f196a31" executionId="75943f73-ed19-4c58-9821-3cac31524a07" testListId="8c84fa94-04c1-424b-9868-57a2d4851a1d" />
    <TestEntry testId="96ebb199-8c20-e62c-4dcc-139d3336016f" executionId="dd357cca-d33d-44d2-a849-e5257e5e7867" testListId="8c84fa94-04c1-424b-9868-57a2d4851a1d" />
    <TestEntry testId="e46f1f2e-672b-6ab2-543c-0ddf69605210" executionId="8d8ce967-2a7f-4203-b6a4-a82ccfdcb48c" testListId="8c84fa94-04c1-424b-9868-57a2d4851a1d" />
    <TestEntry testId="521380d2-3352-4d12-919d-a24e5ef39d39" executionId="df614056-7b17-4110-8652-a3fd8cabb420" testListId="8c84fa94-04c1-424b-9868-57a2d4851a1d" />
    <TestEntry testId="b6696717-1ee6-5d73-51be-168929f294ed" executionId="dbb3a8eb-3a14-4bd1-b51f-63897c44286b" testListId="8c84fa94-04c1-424b-9868-57a2d4851a1d" />
    <TestEntry testId="ee45b985-9900-450f-ce23-d4a45bc69916" executionId="c442e6ac-1f7d-47fd-b1fa-62fb663706de" testListId="8c84fa94-04c1-424b-9868-57a2d4851a1d" />
    <TestEntry testId="02fa4573-d7f5-d63a-2b85-86207dc036e7" executionId="0cb6399c-f1ca-43b6-bccf-0f869cba9c07" testListId="8c84fa94-04c1-424b-9868-57a2d4851a1d" />
    <TestEntry testId="c8448767-8493-8595-b26b-aba3da83fb0e" executionId="35ee27a8-9de3-4cc0-885b-0143d18fcc47" testListId="8c84fa94-04c1-424b-9868-57a2d4851a1d" />
  </TestEntries>
  <Results>
    <UnitTestResult executionId="4a4c6ac1-328a-4ffe-ba39-9d0010e73c96" testId="62f68c4e-31bf-3178-7731-fe82dbce4532" testName="ChangePassword_Get_ReturnsView" computerName="DEV-PC" duration="00:00:00.1975133" startTime="2012-10-14T21:32:14.1311435-04:00" endTime="2012-10-14T21:32:18.1323724-04:00" testType="13cdc9d9-ddb5-4fa4-a97d-d965ccfc6d4b" outcome="Passed" testListId="8c84fa94-04c1-424b-9868-57a2d4851a1d" relativeResultsDirectory="4a4c6ac1-328a-4ffe-ba39-9d0010e73c96">
    </UnitTestResult>
    <UnitTestResult executionId="476b4454-36a1-4ee4-9a0e-57a92a808556" testId="bd3e655f-c774-6940-db00-977e40e685fe" testName="ChangePassword_Post_ReturnsRedirectOnSuccess" computerName="DEV-PC" duration="00:00:00.0857736" startTime="2012-10-14T21:32:18.2013763-04:00" endTime="2012-10-14T21:32:18.3023821-04:00" testType="13cdc9d9-ddb5-4fa4-a97d-d965ccfc6d4b" outcome="Passed" testListId="8c84fa94-04c1-424b-9868-57a2d4851a1d" relativeResultsDirectory="476b4454-36a1-4ee4-9a0e-57a92a808556">
    </UnitTestResult>
    <UnitTestResult executionId="611136f2-ecce-49fb-b552-50a450fec47e" testId="b72a4745-4da9-c5ae-cbf4-ac1a8eac3374" testName="ChangePassword_Post_ReturnsViewIfChangePasswordFails" computerName="DEV-PC" duration="00:00:00.0108973" startTime="2012-10-14T21:32:18.3443845-04:00" endTime="2012-10-14T21:32:18.3653857-04:00" testType="13cdc9d9-ddb5-4fa4-a97d-d965ccfc6d4b" outcome="Passed" testListId="8c84fa94-04c1-424b-9868-57a2d4851a1d" relativeResultsDirectory="611136f2-ecce-49fb-b552-50a450fec47e">
    </UnitTestResult>
    <UnitTestResult executionId="9324b5d8-db04-436e-b665-22ac3a652a3c" testId="08f00f64-a56b-7272-5247-068cd4f45604" testName="ChangePassword_Post_ReturnsViewIfModelStateIsInvalid" computerName="DEV-PC" duration="00:00:00.0009838" startTime="2012-10-14T21:32:18.3743862-04:00" endTime="2012-10-14T21:32:18.3833867-04:00" testType="13cdc9d9-ddb5-4fa4-a97d-d965ccfc6d4b" outcome="Passed" testListId="8c84fa94-04c1-424b-9868-57a2d4851a1d" relativeResultsDirectory="9324b5d8-db04-436e-b665-22ac3a652a3c">
    </UnitTestResult>
    <UnitTestResult executionId="4c5ebd23-a360-42df-9d0e-9287ab159f60" testId="a8308bdb-c56b-a09b-1d9a-bc0012b3a5a1" testName="ChangePasswordSuccess_ReturnsView" computerName="DEV-PC" duration="00:00:00.0006111" startTime="2012-10-14T21:32:18.3923873-04:00" endTime="2012-10-14T21:32:18.4003877-04:00" testType="13cdc9d9-ddb5-4fa4-a97d-d965ccfc6d4b" outcome="Passed" testListId="8c84fa94-04c1-424b-9868-57a2d4851a1d" relativeResultsDirectory="4c5ebd23-a360-42df-9d0e-9287ab159f60">
    </UnitTestResult>
    <UnitTestResult executionId="2deed044-c727-44a5-8eab-876b0d6b8c70" testId="b5255c29-c417-3fa2-0f0c-a516d81e0c47" testName="LogOff_LogsOutAndRedirects" computerName="DEV-PC" duration="00:00:00.0014256" startTime="2012-10-14T21:32:18.4083882-04:00" endTime="2012-10-14T21:32:18.4173887-04:00" testType="13cdc9d9-ddb5-4fa4-a97d-d965ccfc6d4b" outcome="Passed" testListId="8c84fa94-04c1-424b-9868-57a2d4851a1d" relativeResultsDirectory="2deed044-c727-44a5-8eab-876b0d6b8c70">
    </UnitTestResult>
    <UnitTestResult executionId="e1da46d6-59f4-46a9-a74b-47e92820deb1" testId="fe63a71e-0c3b-06ab-f8f0-f2dae8de3f32" testName="LogOn_Get_ReturnsView" computerName="DEV-PC" duration="00:00:00.0006092" startTime="2012-10-14T21:32:18.4243891-04:00" endTime="2012-10-14T21:32:18.4333896-04:00" testType="13cdc9d9-ddb5-4fa4-a97d-d965ccfc6d4b" outcome="Passed" testListId="8c84fa94-04c1-424b-9868-57a2d4851a1d" relativeResultsDirectory="e1da46d6-59f4-46a9-a74b-47e92820deb1">
    </UnitTestResult>
    <UnitTestResult executionId="9b44514d-6e8f-4561-92e4-969d7e03b7f0" testId="c9df3f6f-a76a-5f9a-1bc5-f3af56037813" testName="LogOn_Post_ReturnsRedirectOnSuccess_WithoutReturnUrl" computerName="DEV-PC" duration="00:00:00.0031171" startTime="2012-10-14T21:32:18.4423901-04:00" endTime="2012-10-14T21:32:18.4563909-04:00" testType="13cdc9d9-ddb5-4fa4-a97d-d965ccfc6d4b" outcome="Passed" testListId="8c84fa94-04c1-424b-9868-57a2d4851a1d" relativeResultsDirectory="9b44514d-6e8f-4561-92e4-969d7e03b7f0">
    </UnitTestResult>
    <UnitTestResult executionId="cab563f3-9b3a-410a-81dd-a3438c2cfb9d" testId="0bb67ca6-59cd-0401-2319-7267d73b409a" testName="LogOn_Post_ReturnsRedirectOnSuccess_WithReturnUrl" computerName="DEV-PC" duration="00:00:00.0019849" startTime="2012-10-14T21:32:18.4663915-04:00" endTime="2012-10-14T21:32:18.4773921-04:00" testType="13cdc9d9-ddb5-4fa4-a97d-d965ccfc6d4b" outcome="Passed" testListId="8c84fa94-04c1-424b-9868-57a2d4851a1d" relativeResultsDirectory="cab563f3-9b3a-410a-81dd-a3438c2cfb9d">
    </UnitTestResult>
    <UnitTestResult executionId="75943f73-ed19-4c58-9821-3cac31524a07" testId="7d7fb430-4c10-8760-2432-07df6f196a31" testName="LogOn_Post_ReturnsViewIfModelStateIsInvalid" computerName="DEV-PC" duration="00:00:00.0006353" startTime="2012-10-14T21:32:18.4873927-04:00" endTime="2012-10-14T21:32:18.4963932-04:00" testType="13cdc9d9-ddb5-4fa4-a97d-d965ccfc6d4b" outcome="Passed" testListId="8c84fa94-04c1-424b-9868-57a2d4851a1d" relativeResultsDirectory="75943f73-ed19-4c58-9821-3cac31524a07">
    </UnitTestResult>
    <UnitTestResult executionId="dd357cca-d33d-44d2-a849-e5257e5e7867" testId="96ebb199-8c20-e62c-4dcc-139d3336016f" testName="LogOn_Post_ReturnsViewIfValidateUserFails" computerName="DEV-PC" duration="00:00:00.0007785" startTime="2012-10-14T21:32:18.5073938-04:00" endTime="2012-10-14T21:32:18.5173944-04:00" testType="13cdc9d9-ddb5-4fa4-a97d-d965ccfc6d4b" outcome="Passed" testListId="8c84fa94-04c1-424b-9868-57a2d4851a1d" relativeResultsDirectory="dd357cca-d33d-44d2-a849-e5257e5e7867">
    </UnitTestResult>
    <UnitTestResult executionId="8d8ce967-2a7f-4203-b6a4-a82ccfdcb48c" testId="e46f1f2e-672b-6ab2-543c-0ddf69605210" testName="Register_Get_ReturnsView" computerName="DEV-PC" duration="00:00:00.0008578" startTime="2012-10-14T21:32:18.5273950-04:00" endTime="2012-10-14T21:32:18.5373956-04:00" testType="13cdc9d9-ddb5-4fa4-a97d-d965ccfc6d4b" outcome="Passed" testListId="8c84fa94-04c1-424b-9868-57a2d4851a1d" relativeResultsDirectory="8d8ce967-2a7f-4203-b6a4-a82ccfdcb48c">
    </UnitTestResult>
    <UnitTestResult executionId="df614056-7b17-4110-8652-a3fd8cabb420" testId="521380d2-3352-4d12-919d-a24e5ef39d39" testName="Register_Post_ReturnsRedirectOnSuccess" computerName="DEV-PC" duration="00:00:00.0029991" startTime="2012-10-14T21:32:18.5463961-04:00" endTime="2012-10-14T21:32:18.5593968-04:00" testType="13cdc9d9-ddb5-4fa4-a97d-d965ccfc6d4b" outcome="Passed" testListId="8c84fa94-04c1-424b-9868-57a2d4851a1d" relativeResultsDirectory="df614056-7b17-4110-8652-a3fd8cabb420">
    </UnitTestResult>
    <UnitTestResult executionId="dbb3a8eb-3a14-4bd1-b51f-63897c44286b" testId="b6696717-1ee6-5d73-51be-168929f294ed" testName="Register_Post_ReturnsViewIfRegistrationFails" computerName="DEV-PC" duration="00:00:00.0011648" startTime="2012-10-14T21:32:18.5683973-04:00" endTime="2012-10-14T21:32:18.5783979-04:00" testType="13cdc9d9-ddb5-4fa4-a97d-d965ccfc6d4b" outcome="Passed" testListId="8c84fa94-04c1-424b-9868-57a2d4851a1d" relativeResultsDirectory="dbb3a8eb-3a14-4bd1-b51f-63897c44286b">
    </UnitTestResult>
    <UnitTestResult executionId="c442e6ac-1f7d-47fd-b1fa-62fb663706de" testId="ee45b985-9900-450f-ce23-d4a45bc69916" testName="Register_Post_ReturnsViewIfModelStateIsInvalid" computerName="DEV-PC" duration="00:00:00.0007230" startTime="2012-10-14T21:32:18.5883985-04:00" endTime="2012-10-14T21:32:18.5973990-04:00" testType="13cdc9d9-ddb5-4fa4-a97d-d965ccfc6d4b" outcome="Passed" testListId="8c84fa94-04c1-424b-9868-57a2d4851a1d" relativeResultsDirectory="c442e6ac-1f7d-47fd-b1fa-62fb663706de">
    </UnitTestResult>
    <UnitTestResult executionId="0cb6399c-f1ca-43b6-bccf-0f869cba9c07" testId="02fa4573-d7f5-d63a-2b85-86207dc036e7" testName="Index" computerName="DEV-PC" duration="00:00:17.3565282" startTime="2012-10-14T21:32:18.6043994-04:00" endTime="2012-10-14T21:32:35.9733928-04:00" testType="13cdc9d9-ddb5-4fa4-a97d-d965ccfc6d4b" outcome="Failed" testListId="8c84fa94-04c1-424b-9868-57a2d4851a1d" relativeResultsDirectory="0cb6399c-f1ca-43b6-bccf-0f869cba9c07">
      <Output>
        <ErrorInfo>
          <Message>Assert.AreEqual failed. Expected:&lt;Welcome to ASP.NET MVC!&gt;. Actual:&lt;Welcome to BudgetGuru!&gt;. </Message>
          <StackTrace>   at BudgetGuru.Tests.Controllers.HomeControllerTest.Index() in c:\users\ken\documents\visual studio 2010\Projects\BudgetGuru\BudgetGuru.Tests\Controllers\HomeControllerTest.cs:line 26
</StackTrace>
        </ErrorInfo>
      </Output>
    </UnitTestResult>
    <UnitTestResult executionId="35ee27a8-9de3-4cc0-885b-0143d18fcc47" testId="c8448767-8493-8595-b26b-aba3da83fb0e" testName="About" computerName="DEV-PC" duration="00:00:00.0010454" startTime="2012-10-14T21:32:35.9933940-04:00" endTime="2012-10-14T21:32:36.0123951-04:00" testType="13cdc9d9-ddb5-4fa4-a97d-d965ccfc6d4b" outcome="Passed" testListId="8c84fa94-04c1-424b-9868-57a2d4851a1d" relativeResultsDirectory="35ee27a8-9de3-4cc0-885b-0143d18fcc47">
    </UnitTestResult>
  </Results>
</TestRun>